<?xml version="1.0" encoding="UTF-8"?>
<testng-results ignored="0" total="2" passed="2" failed="0" skipped="0">
  <reporter-output>
  </reporter-output>
  <suite started-at="2018-12-05T01:19:22Z" name="Suite" finished-at="2018-12-05T01:19:22Z" duration-ms="34">
    <groups>
    </groups>
    <test started-at="2018-12-05T01:19:22Z" name="Test" finished-at="2018-12-05T01:19:22Z" duration-ms="34">
      <class name="com.maven.MavenTest">
        <test-method signature="hello()[pri:0, instance:com.maven.MavenTest@3059cbc]" started-at="2018-12-04T20:19:22Z" name="hello" finished-at="2018-12-04T20:19:22Z" duration-ms="4" status="PASS">
          <reporter-output>
          </reporter-output>
        </test-method> <!-- hello -->
      </class> <!-- com.maven.MavenTest -->
    </test> <!-- Test -->
  </suite> <!-- Suite -->
  <suite started-at="2018-12-05T01:19:22Z" name="Suite (0)" finished-at="2018-12-05T01:19:22Z" duration-ms="5">
    <groups>
    </groups>
    <test started-at="2018-12-05T01:19:22Z" name="Test" finished-at="2018-12-05T01:19:22Z" duration-ms="5">
      <class name="com.maven.MavenTest">
        <test-method signature="hello()[pri:0, instance:com.maven.MavenTest@4efc180e]" started-at="2018-12-04T20:19:22Z" name="hello" finished-at="2018-12-04T20:19:22Z" duration-ms="1" status="PASS">
          <reporter-output>
          </reporter-output>
        </test-method> <!-- hello -->
      </class> <!-- com.maven.MavenTest -->
    </test> <!-- Test -->
  </suite> <!-- Suite (0) -->
</testng-results>
